<?xml version="1.0" encoding="UTF-8"?>
<!-- Generated by org.testng.reporters.JUnitReportReporter -->
<testsuite hostname="KALYAN" name="demojenkins.DemoJenkinsJobs" tests="1" failures="0" timestamp="5 May 2020 16:34:11 GMT" time="59.122" errors="0">
  <testcase name="testJenkins" time="59.122" classname="demojenkins.DemoJenkinsJobs"/>
</testsuite> <!-- demojenkins.DemoJenkinsJobs -->
